Determining if the pthread_create exist failed with the following output:
Change Dir: /home/hualde/ros_tutorial_ws/build/CMakeFiles/CMakeTmp

Run Build Command:"/usr/bin/make" "cmTC_e7d1f/fast"
/usr/bin/make -f CMakeFiles/cmTC_e7d1f.dir/build.make CMakeFiles/cmTC_e7d1f.dir/build
make[1]: se entra en el directorio '/home/hualde/ros_tutorial_ws/build/CMakeFiles/CMakeTmp'
Building C object CMakeFiles/cmTC_e7d1f.dir/CheckSymbolExists.c.o
/usr/bin/cc    -o CMakeFiles/cmTC_e7d1f.dir/CheckSymbolExists.c.o   -c /home/hualde/ros_tutorial_ws/build/CMakeFiles/CMakeTmp/CheckSymbolExists.c
Linking C executable cmTC_e7d1f
/usr/bin/cmake -E cmake_link_script CMakeFiles/cmTC_e7d1f.dir/link.txt --verbose=1
/usr/bin/cc      -rdynamic CMakeFiles/cmTC_e7d1f.dir/CheckSymbolExists.c.o  -o cmTC_e7d1f 
CMakeFiles/cmTC_e7d1f.dir/CheckSymbolExists.c.o: En la función `main':
CheckSymbolExists.c:(.text+0x1b): referencia a `pthread_create' sin definir
collect2: error: ld returned 1 exit status
CMakeFiles/cmTC_e7d1f.dir/build.make:97: fallo en las instrucciones para el objetivo 'cmTC_e7d1f'
make[1]: *** [cmTC_e7d1f] Error 1
make[1]: se sale del directorio '/home/hualde/ros_tutorial_ws/build/CMakeFiles/CMakeTmp'
Makefile:126: fallo en las instrucciones para el objetivo 'cmTC_e7d1f/fast'
make: *** [cmTC_e7d1f/fast] Error 2

File /home/hualde/ros_tutorial_ws/build/CMakeFiles/CMakeTmp/CheckSymbolExists.c:
/* */
#include <pthread.h>

int main(int argc, char** argv)
{
  (void)argv;
#ifndef pthread_create
  return ((int*)(&pthread_create))[argc];
#else
  (void)argc;
  return 0;
#endif
}

Determining if the function pthread_create exists in the pthreads failed with the following output:
Change Dir: /home/hualde/ros_tutorial_ws/build/CMakeFiles/CMakeTmp

Run Build Command:"/usr/bin/make" "cmTC_46c60/fast"
/usr/bin/make -f CMakeFiles/cmTC_46c60.dir/build.make CMakeFiles/cmTC_46c60.dir/build
make[1]: se entra en el directorio '/home/hualde/ros_tutorial_ws/build/CMakeFiles/CMakeTmp'
Building C object CMakeFiles/cmTC_46c60.dir/CheckFunctionExists.c.o
/usr/bin/cc   -DCHECK_FUNCTION_EXISTS=pthread_create   -o CMakeFiles/cmTC_46c60.dir/CheckFunctionExists.c.o   -c /usr/share/cmake-3.10/Modules/CheckFunctionExists.c
Linking C executable cmTC_46c60
/usr/bin/cmake -E cmake_link_script CMakeFiles/cmTC_46c60.dir/link.txt --verbose=1
/usr/bin/cc  -DCHECK_FUNCTION_EXISTS=pthread_create    -rdynamic CMakeFiles/cmTC_46c60.dir/CheckFunctionExists.c.o  -o cmTC_46c60 -lpthreads 
/usr/bin/ld: no se puede encontrar -lpthreads
collect2: error: ld returned 1 exit status
CMakeFiles/cmTC_46c60.dir/build.make:97: fallo en las instrucciones para el objetivo 'cmTC_46c60'
make[1]: *** [cmTC_46c60] Error 1
make[1]: se sale del directorio '/home/hualde/ros_tutorial_ws/build/CMakeFiles/CMakeTmp'
Makefile:126: fallo en las instrucciones para el objetivo 'cmTC_46c60/fast'
make: *** [cmTC_46c60/fast] Error 2


